<?xml version="1.0" encoding="UTF-8"?>
<beans xmlns="http://www.springframework.org/schema/beans"
	xmlns:xsi="http://www.w3.org/2001/XMLSchema-instance"
	xmlns:d="http://www.bstek.com/dorado/schema"
	xsi:schemaLocation="http://www.springframework.org/schema/beans http://www.springframework.org/schema/beans/spring-beans.xsd
	http://www.bstek.com/dorado/schema http://www.bstek.com/dorado/schema/spring-dorado-7.0.xsd">

	<import resource="jdbc-key-generator.xml"/>
	<import resource="jdbc-parser.xml"/>
	<import resource="jdbc-dialect.xml"/>
	
	<!-- Dorado -->
	<bean parent="dorado.dataProviderTypeRegister">
		<property name="type" value="jdbc" />
		<property name="classType" value="com.bstek.dorado.jdbc.JdbcDataProvider" />
	</bean>
	<bean parent="dorado.dataResolverTypeRegister">
		<property name="type" value="jdbc" />
		<property name="classType" value="com.bstek.dorado.jdbc.JdbcDataResolver" />
	</bean>
	<bean id="dorado.jdbc.jdbcLoader" class="com.bstek.dorado.jdbc.JdbcLoader">
		<property name="xmlDocumentBuilder" ref="dorado.xmlDocumentBuilder" />
		<property name="xmlParserHelper" ref="dorado.xmlParserHelper"/>
	</bean>
	
	<!-- Jdbc Components -->
	<bean id="dorado.jdbc.enviromentManager" class="com.bstek.dorado.jdbc.config.DefaultJdbcEnviromentManager"/>
	<bean id="dorado.jdbc.dbmManager" class="com.bstek.dorado.jdbc.config.DefaultDmbManager"/>
	<bean id="dorado.jdbc.modelGeneratorSuit" class="com.bstek.dorado.jdbc.support.DefaultModelGeneratorSuit"/>
	<bean id="dorado.jdbc.modelStrategy" class="com.bstek.dorado.jdbc.support.DefaultModelStrategy"/>
	
	<!-- SQL Generator -->
	<bean id="dorado.jdbc.tableSqlGenerator" class="com.bstek.dorado.jdbc.model.table.TableSqlGenerator"/>
	<bean id="dorado.jdbc.sqlTableSqlGenerator" class="com.bstek.dorado.jdbc.model.sqltable.SqlTableSqlGenerator"/>
	<bean id="dorado.jdbc.autoTableSqlGenerator" class="com.bstek.dorado.jdbc.model.autotable.AutoTableSqlGenerator"/>
	
	<!-- Template -->
	<bean id="dorado.jdbcConfigTemplate" class="com.bstek.dorado.jdbc.config.GlobalDbModelConfig" abstract="true"/>
	<bean id="dorado.jdbcEnvTemplate" class="com.bstek.dorado.jdbc.support.DefaultJdbcEnviroment" abstract="true"/>
	
</beans>
