<?xml version="1.0" encoding="UTF-8"?>
<beans xmlns="http://www.springframework.org/schema/beans"
	xmlns:xsi="http://www.w3.org/2001/XMLSchema-instance" xmlns:jee="http://www.springframework.org/schema/jee"
	xmlns:tx="http://www.springframework.org/schema/tx" xmlns:context="http://www.springframework.org/schema/context"
	xmlns:aop="http://www.springframework.org/schema/aop"
	xsi:schemaLocation="http://www.springframework.org/schema/beans http://www.springframework.org/schema/beans/spring-beans-3.0.xsd http://www.springframework.org/schema/tx http://www.springframework.org/schema/tx/spring-tx-3.0.xsd http://www.springframework.org/schema/jee http://www.springframework.org/schema/jee/spring-jee-3.0.xsd http://www.springframework.org/schema/aop http://www.springframework.org/schema/aop/spring-aop-3.0.xsd http://www.springframework.org/schema/context http://www.springframework.org/schema/context/spring-context-3.0.xsd"
	default-lazy-init="true">
	<!-- DataConfig -->
	<bean id="dorado.hibernate.dataSource" class="org.apache.commons.dbcp.BasicDataSource"
		destroy-method="close">
		<property name="driverClassName" value="org.h2.Driver" />
		<!-- <property name="url" value="jdbc:h2:D:/projects/dorado 7/workspace/sample-center/db/demo-data" 
			/> -->
		<property name="url"
			value="jdbc:h2:C:/developer/dorado/dorado7/workspace/sample-center/db/demo-data" />
		<property name="username" value="sa" />
		<property name="password" value="dorado" />
	</bean>
	<bean id="dorado.hibernateSessionFactory"
		class="org.springframework.orm.hibernate3.annotation.AnnotationSessionFactoryBean">
		<property name="dataSource" ref="dorado.hibernate.dataSource" />
		<property name="hibernateProperties">
			<props>
				<prop key="hibernate.dialect">org.hibernate.dialect.H2Dialect</prop>
				<prop key="hibernate.show_sql">true</prop>
				<prop key="hibernate.format_sql">true</prop>
				<prop key="hibernate.use_sql_comments">true</prop>
			</props>
		</property>
		<property name="packagesToScan">
			<list>
				<value>com/bstek/dorado/hibernate/entity</value>
			</list>
		</property>
	</bean>

	<bean id="dorado.transactionManager"
		class="org.springframework.orm.hibernate3.HibernateTransactionManager">
		<property name="sessionFactory" ref="dorado.hibernateSessionFactory" />
	</bean>

	<tx:annotation-driven transaction-manager="dorado.transactionManager"
		proxy-target-class="true" />

	<bean id="dorado.hibernateSessionFactoryManager"
		class="com.bstek.dorado.hibernate.provider.TestSessionFactoryManager">
		<property name="sessionFactory" ref="dorado.hibernateSessionFactory" />
	</bean>

	<!-- DataConfig -->
	<bean parent="dorado.dataConfigLoader">
		<property name="configLocations">
			<list merge="true">
				<value>com/bstek/dorado/hibernate/providers_hql.xml</value>
				<value>com/bstek/dorado/hibernate/providers_criteria.xml</value>
				<value>com/bstek/dorado/hibernate/providers_usercri_criteria.xml</value>
				<value>com/bstek/dorado/hibernate/providers_usercri_hql.xml</value>
			</list>
		</property>
	</bean>
</beans>
