<?xml version="1.0" encoding="UTF-8"?>
<beans xmlns="http://www.springframework.org/schema/beans" xmlns:xsi="http://www.w3.org/2001/XMLSchema-instance" xmlns:d="http://www.bstek.com/dorado/schema"
	xsi:schemaLocation="
http://www.springframework.org/schema/beans http://www.springframework.org/schema/beans/spring-beans-2.0.xsd
http://www.bstek.com/dorado/schema http://www.bstek.com/dorado/schema/spring-dorado-7.0.xsd">
	
	<!-- Core -->
	<bean parent="dorado.beanFactoryRegister">
		<property name="beanFactories">
			<list>
				<bean class="com.bstek.dorado.mock.MockSpringBeanFactory" />
			</list>
		</property>
	</bean>
	
	<!-- View -->
	<bean id="com.bstek.dorado.mock.MockDataSet" parent="dorado.defaultComponentTypeRegister" />
	<bean id="dorado.localeResolver" class="com.bstek.dorado.core.resource.EmptyLocaleResolver" />
	
	<!-- Data -->
	 <bean parent="dorado.dataConfigLoader" class="com.bstek.dorado.mock.MockDataConfigLoader"/>
</beans>
