<?xml version="1.0" encoding="UTF-8"?>
<beans xmlns="http://www.springframework.org/schema/beans"
	xmlns:xsi="http://www.w3.org/2001/XMLSchema-instance"
	xsi:schemaLocation="http://www.springframework.org/schema/beans http://www.springframework.org/schema/beans/spring-beans.xsd">

	<bean parent="dorado.jdbcConfigTemplate">
		<property name="configLocations">
			<list>
				<value>classpath:test/com/bstek/jdbc/runtime/vir_table.dbmodel.xml</value>
				<value>classpath:test/com/bstek/jdbc/runtime/tables.dbmodel.xml</value>
				<value>classpath:test/com/bstek/jdbc/runtime/sqltables.dbmodel.xml</value>
				<value>classpath:test/com/bstek/jdbc/runtime/autoTable.dbmodel.xml</value>
				<value>classpath:test/com/bstek/jdbc/runtime/key-tables.dbmodel.xml</value>
			</list>
		</property>
	</bean>

	<bean id="dorado.dataConfigLoader" class="com.bstek.dorado.data.config.DataConfigLoader">
		<property name="dataConfigManager" ref="dorado.dataConfigManager" />
		<property name="configLocation" value="classpath:test/com/bstek/jdbc/runtime/providers_jdbc.xml" />
	</bean>
	
	<bean id="dataSource" class="org.apache.commons.dbcp.BasicDataSource" destroy-method="close">
		<property name="driverClassName" value="org.h2.Driver" />
		<property name="url" value="jdbc:h2:tcp://localhost/~/test" />
		<property name="username" value="sa" />
		<property name="password" value="dorado" />
	</bean>
	<bean parent="dorado.jdbcEnvTemplate">
		<property name="name" value="h2" />
		<property name="dataSource" ref="dataSource"/>
		<property name="dialect">
			<bean parent="dorado.jdbc.h2Dialect"/>
		</property>
	</bean>
</beans>
